UAALExportedUnityProjectForAndroid/launcher/build/intermediates/manifest_merge_blame_file/release/manifest-merger-blame-release-report.txt
1<?xml version="1.0" encoding="utf-8"?>
2<!-- GENERATED BY UNITY. REMOVE THIS COMMENT TO PREVENT OVERWRITING WHEN EXPORTING AGAIN -->
3<manifest xmlns:android="http://schemas.android.com/apk/res/android"
4    package="com.DefaultCompany.UAALUnityProject"
5    android:installLocation="preferExternal"
6    android:versionCode="1"
7    android:versionName="0.1" >
8
9    <uses-sdk
10        android:minSdkVersion="19"
10-->src\main\AndroidManifest.xml
11        android:targetSdkVersion="30" />
11-->src\main\AndroidManifest.xml
12
13    <supports-screens
13-->src\main\AndroidManifest.xml:4:3-163
14        android:anyDensity="true"
14-->src\main\AndroidManifest.xml:4:135-160
15        android:largeScreens="true"
15-->src\main\AndroidManifest.xml:4:78-105
16        android:normalScreens="true"
16-->src\main\AndroidManifest.xml:4:49-77
17        android:smallScreens="true"
17-->src\main\AndroidManifest.xml:4:21-48
18        android:xlargeScreens="true" />
18-->src\main\AndroidManifest.xml:4:106-134
19
20    <uses-feature android:glEsVersion="0x00030000" />
20-->[:unityLibrary] AndroidManifest.xml:11:5-54
20-->[:unityLibrary] AndroidManifest.xml:11:19-51
21    <uses-feature
21-->[:unityLibrary] AndroidManifest.xml:12:5-14:36
22        android:name="android.hardware.vulkan.version"
22-->[:unityLibrary] AndroidManifest.xml:13:9-55
23        android:required="false" />
23-->[:unityLibrary] AndroidManifest.xml:14:9-33
24    <uses-feature
24-->[:unityLibrary] AndroidManifest.xml:15:5-17:36
25        android:name="android.hardware.touchscreen"
25-->[:unityLibrary] AndroidManifest.xml:16:9-52
26        android:required="false" />
26-->[:unityLibrary] AndroidManifest.xml:17:9-33
27    <uses-feature
27-->[:unityLibrary] AndroidManifest.xml:18:5-20:36
28        android:name="android.hardware.touchscreen.multitouch"
28-->[:unityLibrary] AndroidManifest.xml:19:9-63
29        android:required="false" />
29-->[:unityLibrary] AndroidManifest.xml:20:9-33
30    <uses-feature
30-->[:unityLibrary] AndroidManifest.xml:21:5-23:36
31        android:name="android.hardware.touchscreen.multitouch.distinct"
31-->[:unityLibrary] AndroidManifest.xml:22:9-72
32        android:required="false" />
32-->[:unityLibrary] AndroidManifest.xml:23:9-33
33
34    <application
34-->src\main\AndroidManifest.xml:5:3-116
35        android:extractNativeLibs="true"
35-->src\main\AndroidManifest.xml:5:16-48
36        android:icon="@mipmap/app_icon"
36-->src\main\AndroidManifest.xml:5:82-113
37        android:label="@string/app_name" >
37-->src\main\AndroidManifest.xml:5:49-81
38        <activity
38-->[:unityLibrary] AndroidManifest.xml:26:9-43:20
39            android:name="com.unity3d.player.UnityPlayerActivity"
39-->[:unityLibrary] AndroidManifest.xml:27:13-66
40            android:configChanges="mcc|mnc|locale|touchscreen|keyboard|keyboardHidden|navigation|orientation|screenLayout|uiMode|screenSize|smallestScreenSize|fontScale|layoutDirection|density"
40-->[:unityLibrary] AndroidManifest.xml:28:13-194
41            android:exported="true"
41-->[:unityLibrary] AndroidManifest.xml:29:13-36
42            android:hardwareAccelerated="false"
42-->[:unityLibrary] AndroidManifest.xml:30:13-48
43            android:launchMode="singleTask"
43-->[:unityLibrary] AndroidManifest.xml:31:13-44
44            android:resizeableActivity="false"
44-->[:unityLibrary] AndroidManifest.xml:32:13-47
45            android:screenOrientation="fullSensor"
45-->[:unityLibrary] AndroidManifest.xml:33:13-51
46            android:theme="@style/UnityThemeSelector" >
46-->[:unityLibrary] AndroidManifest.xml:34:13-54
47
48            <!-- <intent-filter> -->
49            <!-- <action android:name="android.intent.action.MAIN" /> -->
50            <!-- <category android:name="android.intent.category.LAUNCHER" /> -->
51            <!-- </intent-filter> -->
52            <meta-data
52-->[:unityLibrary] AndroidManifest.xml:40:13-42:40
53                android:name="unityplayer.UnityActivity"
53-->[:unityLibrary] AndroidManifest.xml:41:17-57
54                android:value="true" />
54-->[:unityLibrary] AndroidManifest.xml:42:17-37
55        </activity>
56
57        <meta-data
57-->[:unityLibrary] AndroidManifest.xml:45:9-47:33
58            android:name="unity.splash-mode"
58-->[:unityLibrary] AndroidManifest.xml:46:13-45
59            android:value="0" />
59-->[:unityLibrary] AndroidManifest.xml:47:13-30
60        <meta-data
60-->[:unityLibrary] AndroidManifest.xml:48:9-50:36
61            android:name="unity.splash-enable"
61-->[:unityLibrary] AndroidManifest.xml:49:13-47
62            android:value="True" />
62-->[:unityLibrary] AndroidManifest.xml:50:13-33
63        <meta-data
63-->[:unityLibrary] AndroidManifest.xml:51:9-53:37
64            android:name="unity.allow-resizable-window"
64-->[:unityLibrary] AndroidManifest.xml:52:13-56
65            android:value="False" />
65-->[:unityLibrary] AndroidManifest.xml:53:13-34
66        <meta-data
66-->[:unityLibrary] AndroidManifest.xml:54:9-56:68
67            android:name="unity.build-id"
67-->[:unityLibrary] AndroidManifest.xml:55:13-42
68            android:value="fdfcbaf6-1ece-4b0c-8222-713a86891738" />
68-->[:unityLibrary] AndroidManifest.xml:56:13-65
69    </application>
70
71</manifest>